Determining if the function gethostbyname_r exists failed with the following output:
Change Dir: /Users/micha/dev/cube/Polyhedron/tmpbuild/CMakeFiles/CMakeTmp

Run Build Command(s):/usr/bin/make cmTC_48f35/fast 
/Applications/Xcode.app/Contents/Developer/usr/bin/make -f CMakeFiles/cmTC_48f35.dir/build.make CMakeFiles/cmTC_48f35.dir/build
Building C object CMakeFiles/cmTC_48f35.dir/CheckFunctionExists.c.o
/Applications/Xcode.app/Contents/Developer/Toolchains/XcodeDefault.xctoolchain/usr/bin/cc   -DCHECK_FUNCTION_EXISTS=gethostbyname_r -isysroot /Applications/Xcode.app/Contents/Developer/Platforms/MacOSX.platform/Developer/SDKs/MacOSX10.15.sdk -mmacosx-version-min=10.14   -o CMakeFiles/cmTC_48f35.dir/CheckFunctionExists.c.o   -c /usr/local/Cellar/cmake/3.14.5/share/cmake/Modules/CheckFunctionExists.c
Linking C executable cmTC_48f35
/usr/local/Cellar/cmake/3.14.5/bin/cmake -E cmake_link_script CMakeFiles/cmTC_48f35.dir/link.txt --verbose=1
/Applications/Xcode.app/Contents/Developer/Toolchains/XcodeDefault.xctoolchain/usr/bin/cc  -DCHECK_FUNCTION_EXISTS=gethostbyname_r -isysroot /Applications/Xcode.app/Contents/Developer/Platforms/MacOSX.platform/Developer/SDKs/MacOSX10.15.sdk -mmacosx-version-min=10.14 -Wl,-search_paths_first -Wl,-headerpad_max_install_names   CMakeFiles/cmTC_48f35.dir/CheckFunctionExists.c.o  -o cmTC_48f35 
Undefined symbols for architecture x86_64:
  "_gethostbyname_r", referenced from:
      _main in CheckFunctionExists.c.o
ld: symbol(s) not found for architecture x86_64
clang: error: linker command failed with exit code 1 (use -v to see invocation)
make[1]: *** [cmTC_48f35] Error 1
make: *** [cmTC_48f35/fast] Error 2


Determining if the function gethostbyaddr_r exists failed with the following output:
Change Dir: /Users/micha/dev/cube/Polyhedron/tmpbuild/CMakeFiles/CMakeTmp

Run Build Command(s):/usr/bin/make cmTC_49ca1/fast 
/Applications/Xcode.app/Contents/Developer/usr/bin/make -f CMakeFiles/cmTC_49ca1.dir/build.make CMakeFiles/cmTC_49ca1.dir/build
Building C object CMakeFiles/cmTC_49ca1.dir/CheckFunctionExists.c.o
/Applications/Xcode.app/Contents/Developer/Toolchains/XcodeDefault.xctoolchain/usr/bin/cc   -DCHECK_FUNCTION_EXISTS=gethostbyaddr_r -isysroot /Applications/Xcode.app/Contents/Developer/Platforms/MacOSX.platform/Developer/SDKs/MacOSX10.15.sdk -mmacosx-version-min=10.14   -o CMakeFiles/cmTC_49ca1.dir/CheckFunctionExists.c.o   -c /usr/local/Cellar/cmake/3.14.5/share/cmake/Modules/CheckFunctionExists.c
Linking C executable cmTC_49ca1
/usr/local/Cellar/cmake/3.14.5/bin/cmake -E cmake_link_script CMakeFiles/cmTC_49ca1.dir/link.txt --verbose=1
/Applications/Xcode.app/Contents/Developer/Toolchains/XcodeDefault.xctoolchain/usr/bin/cc  -DCHECK_FUNCTION_EXISTS=gethostbyaddr_r -isysroot /Applications/Xcode.app/Contents/Developer/Platforms/MacOSX.platform/Developer/SDKs/MacOSX10.15.sdk -mmacosx-version-min=10.14 -Wl,-search_paths_first -Wl,-headerpad_max_install_names   CMakeFiles/cmTC_49ca1.dir/CheckFunctionExists.c.o  -o cmTC_49ca1 
Undefined symbols for architecture x86_64:
  "_gethostbyaddr_r", referenced from:
      _main in CheckFunctionExists.c.o
ld: symbol(s) not found for architecture x86_64
clang: error: linker command failed with exit code 1 (use -v to see invocation)
make[1]: *** [cmTC_49ca1] Error 1
make: *** [cmTC_49ca1/fast] Error 2


